<?xml version="1.0" encoding="UTF-8"?>
<testng-results skipped="0" failed="0" ignored="0" total="1" passed="1">
  <reporter-output>
  </reporter-output>
  <suite name="Mercury Demo Tours" duration-ms="91000" started-at="2018-09-20T17:12:38Z" finished-at="2018-09-20T17:14:09Z">
    <groups>
    </groups>
    <test name="com.rajhaldar" duration-ms="91000" started-at="2018-09-20T17:12:38Z" finished-at="2018-09-20T17:14:09Z">
      <class name="com.rajhaldar.HeadlessTest">
        <test-method status="PASS" signature="getTestData(java.lang.String)[pri:0, instance:com.rajhaldar.HeadlessTest@18eed359]" name="getTestData" is-config="true" duration-ms="881" started-at="2018-09-20T17:12:37Z" finished-at="2018-09-20T17:12:38Z">
          <params>
            <param index="0">
              <value>
                <![CDATA[TestData]]>
              </value>
            </param>
          </params>
          <reporter-output>
          </reporter-output>
        </test-method> <!-- getTestData -->
        <test-method status="PASS" signature="initializeWebDriver(java.lang.String)[pri:0, instance:com.rajhaldar.HeadlessTest@18eed359]" name="initializeWebDriver" is-config="true" duration-ms="1156" started-at="2018-09-20T17:12:38Z" finished-at="2018-09-20T17:12:39Z">
          <params>
            <param index="0">
              <value>
                <![CDATA[Chrome]]>
              </value>
            </param>
          </params>
          <reporter-output>
          </reporter-output>
        </test-method> <!-- initializeWebDriver -->
        <test-method status="PASS" signature="headlessTestValidation()[pri:0, instance:com.rajhaldar.HeadlessTest@18eed359]" name="headlessTestValidation" duration-ms="89757" started-at="2018-09-20T17:12:39Z" finished-at="2018-09-20T17:14:09Z">
          <reporter-output>
          </reporter-output>
        </test-method> <!-- headlessTestValidation -->
        <test-method status="PASS" signature="closeBrowser()[pri:0, instance:com.rajhaldar.HeadlessTest@18eed359]" name="closeBrowser" is-config="true" duration-ms="73" started-at="2018-09-20T17:14:09Z" finished-at="2018-09-20T17:14:09Z">
          <reporter-output>
          </reporter-output>
        </test-method> <!-- closeBrowser -->
      </class> <!-- com.rajhaldar.HeadlessTest -->
    </test> <!-- com.rajhaldar -->
  </suite> <!-- Mercury Demo Tours -->
</testng-results>
